Wed, 29 Jan 2020 15:26:08 GMT - Info - Server is running on port: 3030
Wed, 29 Jan 2020 15:26:09 GMT - Info - Server is running on port: 3030
Wed, 29 Jan 2020 15:35:27 GMT - Info - Server is running on port: 3030
Wed, 29 Jan 2020 15:37:38 GMT - Info - Server is running on port: 3030
Wed, 29 Jan 2020 15:37:46 GMT - Info - Server is running on port: 3030
Wed, 29 Jan 2020 15:38:10 GMT - Info - Server is running on port: 3030
Wed, 29 Jan 2020 15:40:00 GMT - Info - Server is running on port: 3030
Wed, 29 Jan 2020 15:40:22 GMT - Info - Server is running on port: 3030
Wed, 29 Jan 2020 15:40:30 GMT - Info - Server is running on port: 3030
Wed, 29 Jan 2020 15:41:11 GMT - Info - Server is running on port: 3030
Wed, 29 Jan 2020 15:44:39 GMT - Info - Server is running on port: 3030
Wed, 29 Jan 2020 17:26:14 GMT - Info - Server is running on port: 3030
Wed, 29 Jan 2020 17:26:15 GMT - Info - Server is running on port: 3030
Thu, 30 Jan 2020 12:55:16 GMT - Info - Server is running on port: 3030
Thu, 30 Jan 2020 14:05:58 GMT - Info - Server is running on port: 3030
Thu, 30 Jan 2020 14:05:59 GMT - Info - Server is running on port: 3030
Thu, 30 Jan 2020 14:06:17 GMT - Info - Server is running on port: 3030
Thu, 30 Jan 2020 14:06:27 GMT - Info - Server is running on port: 3030
Thu, 30 Jan 2020 14:06:30 GMT - Info - Server is running on port: 3030
Thu, 30 Jan 2020 14:06:31 GMT - Info - Server is running on port: 3030
Thu, 30 Jan 2020 14:06:32 GMT - Info - Server is running on port: 3030
Thu, 30 Jan 2020 14:06:44 GMT - Error - ERROR: Cannot find board
Thu, 30 Jan 2020 14:06:44 GMT - Error - Cannot get board
Thu, 30 Jan 2020 14:06:51 GMT - Error - ERROR: Cannot find board
Thu, 30 Jan 2020 14:06:51 GMT - Error - Cannot get board
Thu, 30 Jan 2020 14:07:35 GMT - Info - Server is running on port: 3030
Thu, 30 Jan 2020 17:36:25 GMT - Info - Server is running on port: 3030
Thu, 30 Jan 2020 18:19:21 GMT - Info - Server is running on port: 3030
Thu, 30 Jan 2020 18:19:23 GMT - Info - Server is running on port: 3030
Thu, 30 Jan 2020 19:22:30 GMT - Info - Server is running on port: 3030
Thu, 30 Jan 2020 21:54:19 GMT - Info - Server is running on port: 3030
Thu, 30 Jan 2020 22:09:34 GMT - Debug - auth.service - login with email: batalinvlad@gmail.com
Sat, 01 Feb 2020 15:00:53 GMT - Error - ERROR: Cannot update board undefined
Sat, 01 Feb 2020 15:00:53 GMT - Error - Cannot update board
Sat, 01 Feb 2020 15:01:33 GMT - Error - ERROR: Cannot update board undefined
Sat, 01 Feb 2020 15:01:33 GMT - Error - Cannot update board
Sat, 01 Feb 2020 15:01:33 GMT - Error - ERROR: Cannot update board undefined
Sat, 01 Feb 2020 15:01:33 GMT - Error - Cannot update board
Sat, 01 Feb 2020 15:01:35 GMT - Error - ERROR: Cannot update board undefined
Sat, 01 Feb 2020 15:01:35 GMT - Error - Cannot update board
Sat, 01 Feb 2020 15:01:35 GMT - Error - ERROR: Cannot update board undefined
Sat, 01 Feb 2020 15:01:35 GMT - Error - Cannot update board
Sat, 01 Feb 2020 15:01:36 GMT - Error - ERROR: Cannot update board undefined
Sat, 01 Feb 2020 15:01:36 GMT - Error - Cannot update board
Sat, 01 Feb 2020 15:01:36 GMT - Error - ERROR: Cannot update board undefined
Sat, 01 Feb 2020 15:01:36 GMT - Error - Cannot update board
Sat, 01 Feb 2020 15:02:03 GMT - Error - ERROR: Cannot update board undefined
Sat, 01 Feb 2020 15:02:03 GMT - Error - Cannot update board
Sat, 01 Feb 2020 15:02:03 GMT - Error - ERROR: Cannot update board undefined
Sat, 01 Feb 2020 15:02:03 GMT - Error - Cannot update board
Sat, 01 Feb 2020 15:02:05 GMT - Error - ERROR: Cannot update board undefined
Sat, 01 Feb 2020 15:02:05 GMT - Error - Cannot update board
Sat, 01 Feb 2020 15:02:12 GMT - Error - ERROR: Cannot update board undefined
Sat, 01 Feb 2020 15:02:12 GMT - Error - Cannot update board
Sat, 01 Feb 2020 15:02:13 GMT - Error - ERROR: Cannot update board undefined
Sat, 01 Feb 2020 15:02:13 GMT - Error - Cannot update board
Sat, 01 Feb 2020 15:02:14 GMT - Error - ERROR: Cannot update board undefined
Sat, 01 Feb 2020 15:02:14 GMT - Error - Cannot update board
Sat, 01 Feb 2020 15:02:33 GMT - Error - ERROR: Cannot update board undefined
Sat, 01 Feb 2020 15:02:33 GMT - Error - Cannot update board
Sat, 01 Feb 2020 15:02:33 GMT - Error - ERROR: Cannot update board undefined
Sat, 01 Feb 2020 15:02:33 GMT - Error - Cannot update board
Sat, 01 Feb 2020 15:02:35 GMT - Error - ERROR: Cannot update board undefined
Sat, 01 Feb 2020 15:02:35 GMT - Error - Cannot update board
Sat, 01 Feb 2020 15:02:42 GMT - Error - ERROR: Cannot update board undefined
Sat, 01 Feb 2020 15:02:42 GMT - Error - Cannot update board
Sat, 01 Feb 2020 15:02:43 GMT - Error - ERROR: Cannot update board undefined
Sat, 01 Feb 2020 15:02:43 GMT - Error - Cannot update board
Sat, 01 Feb 2020 15:02:44 GMT - Error - ERROR: Cannot update board undefined
Sat, 01 Feb 2020 15:02:44 GMT - Error - Cannot update board
Sat, 01 Feb 2020 15:03:03 GMT - Error - ERROR: Cannot update board undefined
Sat, 01 Feb 2020 15:03:03 GMT - Error - Cannot update board
Sat, 01 Feb 2020 15:03:03 GMT - Error - ERROR: Cannot update board undefined
Sat, 01 Feb 2020 15:03:03 GMT - Error - Cannot update board
Sat, 01 Feb 2020 15:03:05 GMT - Error - ERROR: Cannot update board undefined
Sat, 01 Feb 2020 15:03:05 GMT - Error - Cannot update board
Sat, 01 Feb 2020 15:03:12 GMT - Error - ERROR: Cannot update board undefined
Sat, 01 Feb 2020 15:03:12 GMT - Error - Cannot update board
Sat, 01 Feb 2020 15:03:13 GMT - Error - ERROR: Cannot update board undefined
Sat, 01 Feb 2020 15:03:13 GMT - Error - Cannot update board
Sat, 01 Feb 2020 15:03:14 GMT - Error - ERROR: Cannot update board undefined
Sat, 01 Feb 2020 15:03:14 GMT - Error - Cannot update board
Sat, 01 Feb 2020 15:03:33 GMT - Error - ERROR: Cannot update board undefined
Sat, 01 Feb 2020 15:03:33 GMT - Error - Cannot update board
Sat, 01 Feb 2020 15:03:33 GMT - Error - ERROR: Cannot update board undefined
Sat, 01 Feb 2020 15:03:33 GMT - Error - Cannot update board
Sat, 01 Feb 2020 15:03:35 GMT - Error - ERROR: Cannot update board undefined
Sat, 01 Feb 2020 15:03:35 GMT - Error - Cannot update board
